  sample.cpp
g:\downloads\assign6\sample.cpp(432): warning C4244: 'initializing': conversion from 'double' to 'float', possible loss of data
g:\downloads\assign6\sample.cpp(433): warning C4244: 'initializing': conversion from 'double' to 'float', possible loss of data
g:\downloads\assign6\sample.cpp(436): warning C4305: '=': truncation from 'double' to 'float'
g:\downloads\assign6\sample.cpp(437): warning C4305: '=': truncation from 'double' to 'float'
g:\downloads\assign6\sample.cpp(438): warning C4305: '=': truncation from 'double' to 'float'
g:\downloads\assign6\sample.cpp(439): warning C4244: 'argument': conversion from 'double' to 'float', possible loss of data
g:\downloads\assign6\sample.cpp(440): warning C4244: 'argument': conversion from 'double' to 'float', possible loss of data
g:\downloads\assign6\sample.cpp(442): warning C4244: 'argument': conversion from 'double' to 'float', possible loss of data
g:\downloads\assign6\sample.cpp(444): warning C4244: 'argument': conversion from 'double' to 'float', possible loss of data
g:\downloads\assign6\sample.cpp(449): warning C4305: '=': truncation from 'double' to 'float'
g:\downloads\assign6\sample.cpp(450): warning C4305: '=': truncation from 'double' to 'float'
g:\downloads\assign6\sample.cpp(452): warning C4244: 'argument': conversion from 'double' to 'float', possible loss of data
g:\downloads\assign6\sample.cpp(453): warning C4244: 'argument': conversion from 'double' to 'float', possible loss of data
g:\downloads\assign6\sample.cpp(454): warning C4244: 'argument': conversion from 'double' to 'float', possible loss of data
g:\downloads\assign6\sample.cpp(455): warning C4244: 'argument': conversion from 'double' to 'float', possible loss of data
g:\downloads\assign6\sample.cpp(1126): warning C4244: 'initializing': conversion from 'double' to 'float', possible loss of data
g:\downloads\assign6\sample.cpp(1209): warning C4244: '=': conversion from 'double' to 'float', possible loss of data
g:\downloads\assign6\sample.cpp(1211): warning C4244: '=': conversion from 'double' to 'float', possible loss of data
sample.obj : warning LNK4075: ignoring '/EDITANDCONTINUE' due to '/INCREMENTAL:NO' specification
  Sample.vcxproj -> G:\Downloads\assign6\.\Debug\Sample.exe
  Sample.vcxproj -> .\Debug/Sample.pdb (Full PDB)
